<?xml version="1.0" encoding="UTF-8"?>
<testng-results ignored="0" total="3" passed="3" failed="0" skipped="0">
  <reporter-output>
  </reporter-output>
  <suite started-at="2022-10-02T10:33:26 EDT" name="TestRunner" finished-at="2022-10-02T10:33:38 EDT" duration-ms="11447">
    <groups>
    </groups>
    <test started-at="2022-10-02T10:33:26 EDT" name="Test" finished-at="2022-10-02T10:33:38 EDT" duration-ms="11447">
      <class name="testcases.GoogleSeachTest">
        <test-method is-config="true" signature="beforetest()[pri:0, instance:testcases.GoogleSeachTest@10d307f1]" started-at="2022-10-02T10:33:26 EDT" name="beforetest" finished-at="2022-10-02T10:33:30 EDT" duration-ms="4016" status="PASS">
          <reporter-output>
          </reporter-output>
        </test-method> <!-- beforetest -->
        <test-method signature="GoogleSearchList()[pri:1, instance:testcases.GoogleSeachTest@10d307f1]" started-at="2022-10-02T10:33:31 EDT" name="GoogleSearchList" finished-at="2022-10-02T10:33:32 EDT" duration-ms="1794" status="PASS">
          <reporter-output>
          </reporter-output>
        </test-method> <!-- GoogleSearchList -->
        <test-method signature="Facebookpage()[pri:2, instance:testcases.GoogleSeachTest@10d307f1]" started-at="2022-10-02T10:33:32 EDT" name="Facebookpage" finished-at="2022-10-02T10:33:35 EDT" duration-ms="3057" status="PASS">
          <reporter-output>
          </reporter-output>
        </test-method> <!-- Facebookpage -->
        <test-method signature="verifylogin()[pri:3, instance:testcases.GoogleSeachTest@10d307f1]" started-at="2022-10-02T10:33:35 EDT" name="verifylogin" finished-at="2022-10-02T10:33:37 EDT" duration-ms="1573" status="PASS">
          <reporter-output>
          </reporter-output>
        </test-method> <!-- verifylogin -->
        <test-method is-config="true" signature="aftertest()[pri:0, instance:testcases.GoogleSeachTest@10d307f1]" started-at="2022-10-02T10:33:37 EDT" name="aftertest" finished-at="2022-10-02T10:33:38 EDT" duration-ms="982" status="PASS">
          <reporter-output>
          </reporter-output>
        </test-method> <!-- aftertest -->
      </class> <!-- testcases.GoogleSeachTest -->
    </test> <!-- Test -->
  </suite> <!-- TestRunner -->
</testng-results>
