<?xml version="1.0" encoding="UTF-8"?>
<!-- Generated by org.testng.reporters.JUnitXMLReporter -->
<testsuite ignored="0" hostname="RP" failures="0" tests="3" name="Test" time="11.447" errors="0" timestamp="2022-10-02T10:33:38 EDT">
  <testcase classname="testcases.GoogleSeachTest" name="GoogleSearchList" time="1.794"/>
  <testcase classname="testcases.GoogleSeachTest" name="Facebookpage" time="3.057"/>
  <testcase classname="testcases.GoogleSeachTest" name="verifylogin" time="1.573"/>
</testsuite> <!-- Test -->
