<?xml version="1.0" encoding="UTF-8"?>
<!-- Generated by org.testng.reporters.JUnitXMLReporter -->
<testsuite ignored="0" hostname="RP" failures="0" tests="3" name="Default test" time="10.789" errors="0" timestamp="2022-10-01T15:48:34 EDT">
  <testcase classname="testcases.GoogleSeachTest" name="GoogleSearchList" time="1.664"/>
  <testcase classname="testcases.GoogleSeachTest" name="Facebookpage" time="3.526"/>
  <testcase classname="testcases.GoogleSeachTest" name="verifylogin" time="1.75"/>
</testsuite> <!-- Default test -->
